WHERE CRON IS LOCATED
/var/log/auth.log:195
/var/log/auth.log.1:605
/var/log/cron.log:127
/var/log/cron.log.1:23
/var/log/syslog:37
/var/log/syslog.1:53
CRON LOG
/var/log/syslog:May 28 07:04:33 ip-172-31-8-228 crontab[13456]: (ubuntu) END EDIT (ubuntu)
/var/log/syslog:May 28 07:04:34 ip-172-31-8-228 crontab[19806]: (ubuntu) BEGIN EDIT (ubuntu)
/var/log/syslog:May 28 07:05:53 ip-172-31-8-228 crontab[19806]: (ubuntu) REPLACE (ubuntu)
/var/log/syslog:May 28 07:05:53 ip-172-31-8-228 crontab[19806]: (ubuntu) END EDIT (ubuntu)
/var/log/syslog:May 28 07:06:01 ip-172-31-8-228 cron[13868]: (ubuntu) RELOAD (crontabs/ubuntu)
/var/log/syslog:May 28 07:06:07 ip-172-31-8-228 crontab[19842]: (ubuntu) BEGIN EDIT (ubuntu)
/var/log/syslog:May 28 07:10:01 ip-172-31-8-228 CRON[19941]: (ubuntu) CMD (/home/ubuntu/test/test_git.sh dev /home/ubuntu/test/aapackage/ /home/ubuntu/test/test_aapackage.sh &>> /home/ubuntu/zlog/cron_gitpull.log   )
/var/log/syslog:May 28 07:17:01 ip-172-31-8-228 CRON[20150]: (root) CMD (   cd / && run-parts --report /etc/cron.hourly)
/var/log/syslog:May 28 07:20:01 ip-172-31-8-228 CRON[20225]: (ubuntu) CMD (/home/ubuntu/test/test_git.sh dev /home/ubuntu/test/aapackage/ /home/ubuntu/test/test_aapackage.sh &>> /home/ubuntu/zlog/cron_gitpull.log   )
/var/log/syslog:May 28 07:23:57 ip-172-31-8-228 crontab[19842]: (ubuntu) REPLACE (ubuntu)
/var/log/syslog:May 28 07:23:57 ip-172-31-8-228 crontab[19842]: (ubuntu) END EDIT (ubuntu)
/var/log/syslog:May 28 07:24:00 ip-172-31-8-228 crontab[20355]: (ubuntu) BEGIN EDIT (ubuntu)
/var/log/syslog:May 28 07:24:01 ip-172-31-8-228 cron[13868]: (ubuntu) RELOAD (crontabs/ubuntu)
/var/log/syslog:May 28 07:30:01 ip-172-31-8-228 CRON[20484]: (ubuntu) CMD (/home/ubuntu/test/test_git.sh dev /home/ubuntu/test/aapackage/ /home/ubuntu/test/test_aapackage.sh 2>&1 >> /home/ubuntu/zlog/cron_gitpull.log   )
/var/log/syslog:May 28 07:30:01 ip-172-31-8-228 CRON[20483]: (CRON) info (No MTA installed, discarding output)
/var/log/syslog:May 28 07:31:47 ip-172-31-8-228 crontab[20355]: (ubuntu) REPLACE (ubuntu)
/var/log/syslog:May 28 07:31:47 ip-172-31-8-228 crontab[20355]: (ubuntu) END EDIT (ubuntu)
/var/log/syslog:May 28 07:31:49 ip-172-31-8-228 crontab[20565]: (ubuntu) BEGIN EDIT (ubuntu)
/var/log/syslog:May 28 07:32:01 ip-172-31-8-228 cron[13868]: (ubuntu) RELOAD (crontabs/ubuntu)
/var/log/syslog:May 28 07:32:38 ip-172-31-8-228 crontab[20565]: (ubuntu) REPLACE (ubuntu)
/var/log/syslog:May 28 07:32:38 ip-172-31-8-228 crontab[20565]: (ubuntu) END EDIT (ubuntu)
/var/log/syslog:May 28 07:32:40 ip-172-31-8-228 crontab[20584]: (ubuntu) BEGIN EDIT (ubuntu)
/var/log/syslog:May 28 07:33:01 ip-172-31-8-228 cron[13868]: (ubuntu) RELOAD (crontabs/ubuntu)
/var/log/syslog:May 28 07:35:01 ip-172-31-8-228 CRON[20655]: (ubuntu) CMD (/home/ubuntu/zscript/homepush 2>&1 >> /home/ubuntu/zlog/cron_homepush.log)
/var/log/syslog:May 28 07:35:09 ip-172-31-8-228 CRON[20654]: (CRON) info (No MTA installed, discarding output)
/var/log/syslog:May 28 07:40:01 ip-172-31-8-228 CRON[21777]: (ubuntu) CMD (/home/ubuntu/test/test_git.sh dev /home/ubuntu/test/aapackage/ /home/ubuntu/test/test_aapackage.sh 2>&1 >> /home/ubuntu/zlog/cron_gitpull.log   )
/var/log/syslog:May 28 07:40:01 ip-172-31-8-228 CRON[21776]: (CRON) info (No MTA installed, discarding output)
/var/log/syslog:May 28 07:42:23 ip-172-31-8-228 crontab[20584]: (ubuntu) REPLACE (ubuntu)
/var/log/syslog:May 28 07:42:23 ip-172-31-8-228 crontab[20584]: (ubuntu) END EDIT (ubuntu)
/var/log/syslog:May 28 07:42:30 ip-172-31-8-228 crontab[21872]: (ubuntu) BEGIN EDIT (ubuntu)
/var/log/syslog:May 28 07:43:01 ip-172-31-8-228 cron[13868]: (ubuntu) RELOAD (crontabs/ubuntu)
/var/log/syslog:May 28 07:54:46 ip-172-31-8-228 crontab[21872]: (ubuntu) END EDIT (ubuntu)
/var/log/syslog:May 28 08:17:01 ip-172-31-8-228 CRON[22525]: (root) CMD (   cd / && run-parts --report /etc/cron.hourly)
/var/log/syslog:May 28 08:25:15 ip-172-31-8-228 crontab[22780]: (ubuntu) BEGIN EDIT (ubuntu)
/var/log/syslog:May 28 08:25:18 ip-172-31-8-228 crontab[22780]: (ubuntu) END EDIT (ubuntu)
/var/log/syslog:May 28 08:25:23 ip-172-31-8-228 crontab[22795]: (ubuntu) BEGIN EDIT (ubuntu)
/var/log/syslog:May 28 08:25:41 ip-172-31-8-228 crontab[22795]: (ubuntu) END EDIT (ubuntu)
/var/log/syslog.1:May 27 07:17:01 ip-172-31-8-228 CRON[5780]: (root) CMD (   cd / && run-parts --report /etc/cron.hourly)
/var/log/syslog.1:May 27 07:54:37 ip-172-31-8-228 crontab[6171]: (ubuntu) BEGIN EDIT (ubuntu)
/var/log/syslog.1:May 27 07:55:42 ip-172-31-8-228 crontab[6171]: (ubuntu) END EDIT (ubuntu)
/var/log/syslog.1:May 27 07:55:56 ip-172-31-8-228 crontab[6218]: (ubuntu) BEGIN EDIT (ubuntu)
/var/log/syslog.1:May 27 08:05:38 ip-172-31-8-228 crontab[6218]: (ubuntu) END EDIT (ubuntu)
/var/log/syslog.1:May 27 08:07:03 ip-172-31-8-228 crontab[6493]: (ubuntu) BEGIN EDIT (ubuntu)
/var/log/syslog.1:May 27 08:07:44 ip-172-31-8-228 crontab[6493]: (ubuntu) END EDIT (ubuntu)
/var/log/syslog.1:May 27 08:10:50 ip-172-31-8-228 crontab[6577]: (ubuntu) BEGIN EDIT (ubuntu)
/var/log/syslog.1:May 27 08:11:03 ip-172-31-8-228 crontab[6577]: (ubuntu) END EDIT (ubuntu)
/var/log/syslog.1:May 27 08:17:01 ip-172-31-8-228 CRON[6651]: (root) CMD (   cd / && run-parts --report /etc/cron.hourly)
/var/log/syslog.1:May 27 08:45:57 ip-172-31-8-228 crontab[6987]: (ubuntu) BEGIN EDIT (ubuntu)
/var/log/syslog.1:May 27 08:46:39 ip-172-31-8-228 crontab[6987]: (ubuntu) END EDIT (ubuntu)
/var/log/syslog.1:May 27 08:50:25 ip-172-31-8-228 crontab[7164]: (ubuntu) BEGIN EDIT (ubuntu)
/var/log/syslog.1:May 27 08:50:26 ip-172-31-8-228 crontab[7164]: (ubuntu) END EDIT (ubuntu)
/var/log/syslog.1:May 27 08:50:30 ip-172-31-8-228 crontab[7175]: (ubuntu) BEGIN EDIT (ubuntu)
/var/log/syslog.1:May 27 08:57:22 ip-172-31-8-228 crontab[7175]: (ubuntu) END EDIT (ubuntu)
/var/log/syslog.1:May 27 08:58:24 ip-172-31-8-228 crontab[7374]: (ubuntu) BEGIN EDIT (ubuntu)
/var/log/syslog.1:May 27 09:00:01 ip-172-31-8-228 crontab[7374]: (ubuntu) END EDIT (ubuntu)
/var/log/syslog.1:May 27 09:00:15 ip-172-31-8-228 crontab[7421]: (ubuntu) BEGIN EDIT (ubuntu)
/var/log/syslog.1:May 27 09:17:02 ip-172-31-8-228 CRON[8681]: (root) CMD (   cd / && run-parts --report /etc/cron.hourly)
/var/log/syslog.1:May 27 09:39:22 ip-172-31-8-228 crontab[7421]: (ubuntu) REPLACE (ubuntu)
/var/log/syslog.1:May 27 09:39:22 ip-172-31-8-228 crontab[7421]: (ubuntu) END EDIT (ubuntu)
/var/log/syslog.1:May 27 09:40:01 ip-172-31-8-228 cron[1194]: (ubuntu) RELOAD (crontabs/ubuntu)
/var/log/syslog.1:May 27 09:40:15 ip-172-31-8-228 crontab[13456]: (ubuntu) BEGIN EDIT (ubuntu)
/var/log/syslog.1:May 27 09:52:43 ip-172-31-8-228 cron[13868]: (CRON) INFO (pidfile fd = 3)
/var/log/syslog.1:May 27 09:52:43 ip-172-31-8-228 cron[13868]: (CRON) INFO (Skipping @reboot jobs -- not system startup)
/var/log/syslog.1:May 27 10:17:01 ip-172-31-8-228 CRON[13949]: (root) CMD (   cd / && run-parts --report /etc/cron.hourly)
/var/log/syslog.1:May 27 11:17:01 ip-172-31-8-228 CRON[14016]: (root) CMD (   cd / && run-parts --report /etc/cron.hourly)
/var/log/syslog.1:May 27 12:17:01 ip-172-31-8-228 CRON[14078]: (root) CMD (   cd / && run-parts --report /etc/cron.hourly)
/var/log/syslog.1:May 27 12:28:01 ip-172-31-8-228 CRON[14083]: (root) CMD (   test -x /etc/cron.daily/popularity-contest && /etc/cron.daily/popularity-contest --crond)
/var/log/syslog.1:May 27 13:17:01 ip-172-31-8-228 CRON[14162]: (root) CMD (   cd / && run-parts --report /etc/cron.hourly)
/var/log/syslog.1:May 27 13:52:33 ip-172-31-8-228 crontab[14580]: (ubuntu) BEGIN EDIT (ubuntu)
/var/log/syslog.1:May 27 13:53:09 ip-172-31-8-228 crontab[14580]: (ubuntu) END EDIT (ubuntu)
/var/log/syslog.1:May 27 14:17:01 ip-172-31-8-228 CRON[14688]: (root) CMD (   cd / && run-parts --report /etc/cron.hourly)
/var/log/syslog.1:May 27 15:17:01 ip-172-31-8-228 CRON[15109]: (root) CMD (   cd / && run-parts --report /etc/cron.hourly)
/var/log/syslog.1:May 27 16:17:01 ip-172-31-8-228 CRON[15196]: (root) CMD (   cd / && run-parts --report /etc/cron.hourly)
/var/log/syslog.1:May 27 17:17:01 ip-172-31-8-228 CRON[15257]: (root) CMD (   cd / && run-parts --report /etc/cron.hourly)
/var/log/syslog.1:May 27 18:17:01 ip-172-31-8-228 CRON[15321]: (root) CMD (   cd / && run-parts --report /etc/cron.hourly)
/var/log/syslog.1:May 27 19:17:01 ip-172-31-8-228 CRON[15361]: (root) CMD (   cd / && run-parts --report /etc/cron.hourly)
/var/log/syslog.1:May 27 20:17:01 ip-172-31-8-228 CRON[15411]: (root) CMD (   cd / && run-parts --report /etc/cron.hourly)
/var/log/syslog.1:May 27 21:17:01 ip-172-31-8-228 CRON[15487]: (root) CMD (   cd / && run-parts --report /etc/cron.hourly)
/var/log/syslog.1:May 27 22:17:01 ip-172-31-8-228 CRON[15550]: (root) CMD (   cd / && run-parts --report /etc/cron.hourly)
/var/log/syslog.1:May 27 23:17:01 ip-172-31-8-228 CRON[16745]: (root) CMD (   cd / && run-parts --report /etc/cron.hourly)
/var/log/syslog.1:May 28 00:17:01 ip-172-31-8-228 CRON[17623]: (root) CMD (   cd / && run-parts --report /etc/cron.hourly)
/var/log/syslog.1:May 28 01:00:01 ip-172-31-8-228 CRON[17662]: (ubuntu) CMD (/home/ubuntu/test/test_git.sh dev /home/ubuntu/test/aapackage/ /home/ubuntu/test/test_aapackage.sh &>> /home/ubuntu/zlog/cron_gitpull.log   )
/var/log/syslog.1:May 28 01:17:01 ip-172-31-8-228 CRON[17705]: (root) CMD (   cd / && run-parts --report /etc/cron.hourly)
/var/log/syslog.1:May 28 02:00:01 ip-172-31-8-228 CRON[17781]: (ubuntu) CMD (/home/ubuntu/zscript/homepush &>> /home/ubuntu/zlog/cron_homepush.log)
/var/log/syslog.1:May 28 02:17:01 ip-172-31-8-228 CRON[18806]: (root) CMD (   cd / && run-parts --report /etc/cron.hourly)
/var/log/syslog.1:May 28 03:17:01 ip-172-31-8-228 CRON[18962]: (root) CMD (   cd / && run-parts --report /etc/cron.hourly)
/var/log/syslog.1:May 28 04:17:01 ip-172-31-8-228 CRON[19039]: (root) CMD (   cd / && run-parts --report /etc/cron.hourly)
/var/log/syslog.1:May 28 05:17:01 ip-172-31-8-228 CRON[19084]: (root) CMD (   cd / && run-parts --report /etc/cron.hourly)
/var/log/syslog.1:May 28 06:17:01 ip-172-31-8-228 CRON[19141]: (root) CMD (   cd / && run-parts --report /etc/cron.hourly)
/var/log/syslog.1:May 28 06:25:01 ip-172-31-8-228 CRON[19148]: (root) CMD (test -x /usr/sbin/anacron || ( cd / && run-parts --report /etc/cron.daily ))
/home/ubuntu/zlog/cronjob.log

CRON JOBS LOGFILES TIMESTAMPS
-rw-rw-r-- 1 ubuntu ubuntu 178 May 28 07:40 /home/ubuntu/zlog/cron_gitpull.log
-rw-rw-r-- 1 ubuntu ubuntu 762 May 28 07:35 /home/ubuntu/zlog/cron_homepush.log
-rw-rw-r-- 1 ubuntu ubuntu   0 May 19 04:34 /home/ubuntu/zlog/cron.log
-rw-rw-r-- 1 ubuntu ubuntu   0 May 19 04:34 /home/ubuntu/zlog/jupyter_server.log

LAST homepush RUNS
May 27 02:00:01 ip-172-31-8-228 CRON[4919]: (ubuntu) CMD (/home/ubuntu/zscript/homepush   &>> /home/ubuntu/zlog/cron_homepush.log)
May 28 02:00:01 ip-172-31-8-228 CRON[17781]: (ubuntu) CMD (/home/ubuntu/zscript/homepush &>> /home/ubuntu/zlog/cron_homepush.log)
May 28 07:35:01 ip-172-31-8-228 CRON[20655]: (ubuntu) CMD (/home/ubuntu/zscript/homepush 2>&1 >> /home/ubuntu/zlog/cron_homepush.log)

LAST test_git.sh RUNS
May 27 01:00:01 ip-172-31-8-228 CRON[4871]: (ubuntu) CMD (/home/ubuntu/test/test_git.sh dev aapackage test_aapackage.sh &>> /home/ubuntu/zlog/cron_gitpull.log   )
May 28 01:00:01 ip-172-31-8-228 CRON[17662]: (ubuntu) CMD (/home/ubuntu/test/test_git.sh dev /home/ubuntu/test/aapackage/ /home/ubuntu/test/test_aapackage.sh &>> /home/ubuntu/zlog/cron_gitpull.log   )
May 28 07:10:01 ip-172-31-8-228 CRON[19941]: (ubuntu) CMD (/home/ubuntu/test/test_git.sh dev /home/ubuntu/test/aapackage/ /home/ubuntu/test/test_aapackage.sh &>> /home/ubuntu/zlog/cron_gitpull.log   )
May 28 07:20:01 ip-172-31-8-228 CRON[20225]: (ubuntu) CMD (/home/ubuntu/test/test_git.sh dev /home/ubuntu/test/aapackage/ /home/ubuntu/test/test_aapackage.sh &>> /home/ubuntu/zlog/cron_gitpull.log   )
May 28 07:30:01 ip-172-31-8-228 CRON[20484]: (ubuntu) CMD (/home/ubuntu/test/test_git.sh dev /home/ubuntu/test/aapackage/ /home/ubuntu/test/test_aapackage.sh 2>&1 >> /home/ubuntu/zlog/cron_gitpull.log   )
May 28 07:40:01 ip-172-31-8-228 CRON[21777]: (ubuntu) CMD (/home/ubuntu/test/test_git.sh dev /home/ubuntu/test/aapackage/ /home/ubuntu/test/test_aapackage.sh 2>&1 >> /home/ubuntu/zlog/cron_gitpull.log   )
